  Scanning sources for module dependencies...
  Game.cpp
C:\Users\Dawid\Desktop\deadline\Space-Invaders\Space Invaders\Game.cpp(74,62): warning C4244: 'argument': conversion from 'T' to 'T', possible loss of data
C:\Users\Dawid\Desktop\deadline\Space-Invaders\Space Invaders\Game.cpp(74,62): warning C4244:         with
C:\Users\Dawid\Desktop\deadline\Space-Invaders\Space Invaders\Game.cpp(74,62): warning C4244:         [
C:\Users\Dawid\Desktop\deadline\Space-Invaders\Space Invaders\Game.cpp(74,62): warning C4244:             T=unsigned int
C:\Users\Dawid\Desktop\deadline\Space-Invaders\Space Invaders\Game.cpp(74,62): warning C4244:         ]
C:\Users\Dawid\Desktop\deadline\Space-Invaders\Space Invaders\Game.cpp(74,62): warning C4244:         and
C:\Users\Dawid\Desktop\deadline\Space-Invaders\Space Invaders\Game.cpp(74,62): warning C4244:         [
C:\Users\Dawid\Desktop\deadline\Space-Invaders\Space Invaders\Game.cpp(74,62): warning C4244:             T=float
C:\Users\Dawid\Desktop\deadline\Space-Invaders\Space Invaders\Game.cpp(74,62): warning C4244:         ]
C:\Users\Dawid\Desktop\deadline\Space-Invaders\Space Invaders\Game.cpp(75,84): warning C4244: 'argument': conversion from 'T' to 'T', possible loss of data
C:\Users\Dawid\Desktop\deadline\Space-Invaders\Space Invaders\Game.cpp(75,84): warning C4244:         with
C:\Users\Dawid\Desktop\deadline\Space-Invaders\Space Invaders\Game.cpp(75,84): warning C4244:         [
C:\Users\Dawid\Desktop\deadline\Space-Invaders\Space Invaders\Game.cpp(75,84): warning C4244:             T=unsigned int
C:\Users\Dawid\Desktop\deadline\Space-Invaders\Space Invaders\Game.cpp(75,84): warning C4244:         ]
C:\Users\Dawid\Desktop\deadline\Space-Invaders\Space Invaders\Game.cpp(75,84): warning C4244:         and
C:\Users\Dawid\Desktop\deadline\Space-Invaders\Space Invaders\Game.cpp(75,84): warning C4244:         [
C:\Users\Dawid\Desktop\deadline\Space-Invaders\Space Invaders\Game.cpp(75,84): warning C4244:             T=float
C:\Users\Dawid\Desktop\deadline\Space-Invaders\Space Invaders\Game.cpp(75,84): warning C4244:         ]
C:\Users\Dawid\Desktop\deadline\Space-Invaders\Space Invaders\Game.cpp(75,62): warning C4244: 'argument': conversion from 'T' to 'T', possible loss of data
C:\Users\Dawid\Desktop\deadline\Space-Invaders\Space Invaders\Game.cpp(75,62): warning C4244:         with
C:\Users\Dawid\Desktop\deadline\Space-Invaders\Space Invaders\Game.cpp(75,62): warning C4244:         [
C:\Users\Dawid\Desktop\deadline\Space-Invaders\Space Invaders\Game.cpp(75,62): warning C4244:             T=unsigned int
C:\Users\Dawid\Desktop\deadline\Space-Invaders\Space Invaders\Game.cpp(75,62): warning C4244:         ]
C:\Users\Dawid\Desktop\deadline\Space-Invaders\Space Invaders\Game.cpp(75,62): warning C4244:         and
C:\Users\Dawid\Desktop\deadline\Space-Invaders\Space Invaders\Game.cpp(75,62): warning C4244:         [
C:\Users\Dawid\Desktop\deadline\Space-Invaders\Space Invaders\Game.cpp(75,62): warning C4244:             T=float
C:\Users\Dawid\Desktop\deadline\Space-Invaders\Space Invaders\Game.cpp(75,62): warning C4244:         ]
C:\Users\Dawid\Desktop\deadline\Space-Invaders\Space Invaders\Game.cpp(80,68): warning C4244: 'argument': conversion from 'double' to 'T', possible loss of data
C:\Users\Dawid\Desktop\deadline\Space-Invaders\Space Invaders\Game.cpp(80,68): warning C4244:         with
C:\Users\Dawid\Desktop\deadline\Space-Invaders\Space Invaders\Game.cpp(80,68): warning C4244:         [
C:\Users\Dawid\Desktop\deadline\Space-Invaders\Space Invaders\Game.cpp(80,68): warning C4244:             T=float
C:\Users\Dawid\Desktop\deadline\Space-Invaders\Space Invaders\Game.cpp(80,68): warning C4244:         ]
C:\Users\Dawid\Desktop\deadline\Space-Invaders\Space Invaders\Game.cpp(81,92): warning C4244: 'argument': conversion from 'T' to 'T', possible loss of data
C:\Users\Dawid\Desktop\deadline\Space-Invaders\Space Invaders\Game.cpp(81,92): warning C4244:         with
C:\Users\Dawid\Desktop\deadline\Space-Invaders\Space Invaders\Game.cpp(81,92): warning C4244:         [
C:\Users\Dawid\Desktop\deadline\Space-Invaders\Space Invaders\Game.cpp(81,92): warning C4244:             T=unsigned int
C:\Users\Dawid\Desktop\deadline\Space-Invaders\Space Invaders\Game.cpp(81,92): warning C4244:         ]
C:\Users\Dawid\Desktop\deadline\Space-Invaders\Space Invaders\Game.cpp(81,92): warning C4244:         and
C:\Users\Dawid\Desktop\deadline\Space-Invaders\Space Invaders\Game.cpp(81,92): warning C4244:         [
C:\Users\Dawid\Desktop\deadline\Space-Invaders\Space Invaders\Game.cpp(81,92): warning C4244:             T=float
C:\Users\Dawid\Desktop\deadline\Space-Invaders\Space Invaders\Game.cpp(81,92): warning C4244:         ]
C:\Users\Dawid\Desktop\deadline\Space-Invaders\Space Invaders\Game.cpp(81,68): warning C4244: 'argument': conversion from 'double' to 'T', possible loss of data
C:\Users\Dawid\Desktop\deadline\Space-Invaders\Space Invaders\Game.cpp(81,68): warning C4244:         with
C:\Users\Dawid\Desktop\deadline\Space-Invaders\Space Invaders\Game.cpp(81,68): warning C4244:         [
C:\Users\Dawid\Desktop\deadline\Space-Invaders\Space Invaders\Game.cpp(81,68): warning C4244:             T=float
C:\Users\Dawid\Desktop\deadline\Space-Invaders\Space Invaders\Game.cpp(81,68): warning C4244:         ]
C:\Users\Dawid\Desktop\deadline\Space-Invaders\Space Invaders\Game.cpp(86,68): warning C4244: 'argument': conversion from 'double' to 'T', possible loss of data
C:\Users\Dawid\Desktop\deadline\Space-Invaders\Space Invaders\Game.cpp(86,68): warning C4244:         with
C:\Users\Dawid\Desktop\deadline\Space-Invaders\Space Invaders\Game.cpp(86,68): warning C4244:         [
C:\Users\Dawid\Desktop\deadline\Space-Invaders\Space Invaders\Game.cpp(86,68): warning C4244:             T=float
C:\Users\Dawid\Desktop\deadline\Space-Invaders\Space Invaders\Game.cpp(86,68): warning C4244:         ]
C:\Users\Dawid\Desktop\deadline\Space-Invaders\Space Invaders\Game.cpp(87,92): warning C4244: 'argument': conversion from 'T' to 'T', possible loss of data
C:\Users\Dawid\Desktop\deadline\Space-Invaders\Space Invaders\Game.cpp(87,92): warning C4244:         with
C:\Users\Dawid\Desktop\deadline\Space-Invaders\Space Invaders\Game.cpp(87,92): warning C4244:         [
C:\Users\Dawid\Desktop\deadline\Space-Invaders\Space Invaders\Game.cpp(87,92): warning C4244:             T=unsigned int
C:\Users\Dawid\Desktop\deadline\Space-Invaders\Space Invaders\Game.cpp(87,92): warning C4244:         ]
C:\Users\Dawid\Desktop\deadline\Space-Invaders\Space Invaders\Game.cpp(87,92): warning C4244:         and
C:\Users\Dawid\Desktop\deadline\Space-Invaders\Space Invaders\Game.cpp(87,92): warning C4244:         [
C:\Users\Dawid\Desktop\deadline\Space-Invaders\Space Invaders\Game.cpp(87,92): warning C4244:             T=float
C:\Users\Dawid\Desktop\deadline\Space-Invaders\Space Invaders\Game.cpp(87,92): warning C4244:         ]
C:\Users\Dawid\Desktop\deadline\Space-Invaders\Space Invaders\Game.cpp(87,68): warning C4244: 'argument': conversion from 'double' to 'T', possible loss of data
C:\Users\Dawid\Desktop\deadline\Space-Invaders\Space Invaders\Game.cpp(87,68): warning C4244:         with
C:\Users\Dawid\Desktop\deadline\Space-Invaders\Space Invaders\Game.cpp(87,68): warning C4244:         [
C:\Users\Dawid\Desktop\deadline\Space-Invaders\Space Invaders\Game.cpp(87,68): warning C4244:             T=float
C:\Users\Dawid\Desktop\deadline\Space-Invaders\Space Invaders\Game.cpp(87,68): warning C4244:         ]
C:\Users\Dawid\Desktop\deadline\Space-Invaders\Space Invaders\Game.cpp(93,65): warning C4244: 'argument': conversion from 'T' to 'T', possible loss of data
C:\Users\Dawid\Desktop\deadline\Space-Invaders\Space Invaders\Game.cpp(93,65): warning C4244:         with
C:\Users\Dawid\Desktop\deadline\Space-Invaders\Space Invaders\Game.cpp(93,65): warning C4244:         [
C:\Users\Dawid\Desktop\deadline\Space-Invaders\Space Invaders\Game.cpp(93,65): warning C4244:             T=unsigned int
C:\Users\Dawid\Desktop\deadline\Space-Invaders\Space Invaders\Game.cpp(93,65): warning C4244:         ]
C:\Users\Dawid\Desktop\deadline\Space-Invaders\Space Invaders\Game.cpp(93,65): warning C4244:         and
C:\Users\Dawid\Desktop\deadline\Space-Invaders\Space Invaders\Game.cpp(93,65): warning C4244:         [
C:\Users\Dawid\Desktop\deadline\Space-Invaders\Space Invaders\Game.cpp(93,65): warning C4244:             T=float
C:\Users\Dawid\Desktop\deadline\Space-Invaders\Space Invaders\Game.cpp(93,65): warning C4244:         ]
C:\Users\Dawid\Desktop\deadline\Space-Invaders\Space Invaders\Game.cpp(94,83): warning C4244: 'argument': conversion from 'T' to 'T', possible loss of data
C:\Users\Dawid\Desktop\deadline\Space-Invaders\Space Invaders\Game.cpp(94,83): warning C4244:         with
C:\Users\Dawid\Desktop\deadline\Space-Invaders\Space Invaders\Game.cpp(94,83): warning C4244:         [
C:\Users\Dawid\Desktop\deadline\Space-Invaders\Space Invaders\Game.cpp(94,83): warning C4244:             T=unsigned int
C:\Users\Dawid\Desktop\deadline\Space-Invaders\Space Invaders\Game.cpp(94,83): warning C4244:         ]
C:\Users\Dawid\Desktop\deadline\Space-Invaders\Space Invaders\Game.cpp(94,83): warning C4244:         and
C:\Users\Dawid\Desktop\deadline\Space-Invaders\Space Invaders\Game.cpp(94,83): warning C4244:         [
C:\Users\Dawid\Desktop\deadline\Space-Invaders\Space Invaders\Game.cpp(94,83): warning C4244:             T=float
C:\Users\Dawid\Desktop\deadline\Space-Invaders\Space Invaders\Game.cpp(94,83): warning C4244:         ]
C:\Users\Dawid\Desktop\deadline\Space-Invaders\Space Invaders\Game.cpp(94,59): warning C4244: 'argument': conversion from 'T' to 'T', possible loss of data
C:\Users\Dawid\Desktop\deadline\Space-Invaders\Space Invaders\Game.cpp(94,59): warning C4244:         with
C:\Users\Dawid\Desktop\deadline\Space-Invaders\Space Invaders\Game.cpp(94,59): warning C4244:         [
C:\Users\Dawid\Desktop\deadline\Space-Invaders\Space Invaders\Game.cpp(94,59): warning C4244:             T=unsigned int
C:\Users\Dawid\Desktop\deadline\Space-Invaders\Space Invaders\Game.cpp(94,59): warning C4244:         ]
C:\Users\Dawid\Desktop\deadline\Space-Invaders\Space Invaders\Game.cpp(94,59): warning C4244:         and
C:\Users\Dawid\Desktop\deadline\Space-Invaders\Space Invaders\Game.cpp(94,59): warning C4244:         [
C:\Users\Dawid\Desktop\deadline\Space-Invaders\Space Invaders\Game.cpp(94,59): warning C4244:             T=float
C:\Users\Dawid\Desktop\deadline\Space-Invaders\Space Invaders\Game.cpp(94,59): warning C4244:         ]
C:\Users\Dawid\Desktop\deadline\Space-Invaders\Space Invaders\Game.cpp(171,82): warning C4244: 'argument': conversion from 'T' to 'float', possible loss of data
C:\Users\Dawid\Desktop\deadline\Space-Invaders\Space Invaders\Game.cpp(171,82): warning C4244:         with
C:\Users\Dawid\Desktop\deadline\Space-Invaders\Space Invaders\Game.cpp(171,82): warning C4244:         [
C:\Users\Dawid\Desktop\deadline\Space-Invaders\Space Invaders\Game.cpp(171,82): warning C4244:             T=unsigned int
C:\Users\Dawid\Desktop\deadline\Space-Invaders\Space Invaders\Game.cpp(171,82): warning C4244:         ]
C:\Users\Dawid\Desktop\deadline\Space-Invaders\Space Invaders\Game.cpp(171,52): warning C4244: 'argument': conversion from 'T' to 'float', possible loss of data
C:\Users\Dawid\Desktop\deadline\Space-Invaders\Space Invaders\Game.cpp(171,52): warning C4244:         with
C:\Users\Dawid\Desktop\deadline\Space-Invaders\Space Invaders\Game.cpp(171,52): warning C4244:         [
C:\Users\Dawid\Desktop\deadline\Space-Invaders\Space Invaders\Game.cpp(171,52): warning C4244:             T=unsigned int
C:\Users\Dawid\Desktop\deadline\Space-Invaders\Space Invaders\Game.cpp(171,52): warning C4244:         ]
C:\Users\Dawid\Desktop\deadline\Space-Invaders\Space Invaders\Game.cpp(217,28): warning C4244: 'initializing': conversion from 'T' to 'float', possible loss of data
C:\Users\Dawid\Desktop\deadline\Space-Invaders\Space Invaders\Game.cpp(217,28): warning C4244:         with
C:\Users\Dawid\Desktop\deadline\Space-Invaders\Space Invaders\Game.cpp(217,28): warning C4244:         [
C:\Users\Dawid\Desktop\deadline\Space-Invaders\Space Invaders\Game.cpp(217,28): warning C4244:             T=unsigned int
C:\Users\Dawid\Desktop\deadline\Space-Invaders\Space Invaders\Game.cpp(217,28): warning C4244:         ]
C:\Users\Dawid\Desktop\deadline\Space-Invaders\Space Invaders\Game.cpp(218,36): warning C4244: 'initializing': conversion from 'double' to 'int', possible loss of data
C:\Users\Dawid\Desktop\deadline\Space-Invaders\Space Invaders\Game.cpp(219,37): warning C4244: 'initializing': conversion from 'double' to 'float', possible loss of data
C:\Users\Dawid\Desktop\deadline\Space-Invaders\Space Invaders\Game.cpp(221,28): warning C4244: 'initializing': conversion from 'T' to 'float', possible loss of data
C:\Users\Dawid\Desktop\deadline\Space-Invaders\Space Invaders\Game.cpp(221,28): warning C4244:         with
C:\Users\Dawid\Desktop\deadline\Space-Invaders\Space Invaders\Game.cpp(221,28): warning C4244:         [
C:\Users\Dawid\Desktop\deadline\Space-Invaders\Space Invaders\Game.cpp(221,28): warning C4244:             T=unsigned int
C:\Users\Dawid\Desktop\deadline\Space-Invaders\Space Invaders\Game.cpp(221,28): warning C4244:         ]
C:\Users\Dawid\Desktop\deadline\Space-Invaders\Space Invaders\Game.cpp(222,33): warning C4244: 'initializing': conversion from 'double' to 'int', possible loss of data
C:\Users\Dawid\Desktop\deadline\Space-Invaders\Space Invaders\Game.cpp(223,34): warning C4244: 'initializing': conversion from 'double' to 'float', possible loss of data
C:\Users\Dawid\Desktop\deadline\Space-Invaders\Space Invaders\Game.cpp(228,168): warning C4244: 'argument': conversion from 'double' to 'float', possible loss of data
C:\Users\Dawid\Desktop\deadline\Space-Invaders\Space Invaders\Game.cpp(228,75): warning C4244: 'argument': conversion from 'double' to 'float', possible loss of data
C:\Users\Dawid\Desktop\deadline\Space-Invaders\Space Invaders\Game.cpp(250,17): warning C4244: 'initializing': conversion from 'double' to 'float', possible loss of data
C:\Users\Dawid\Desktop\deadline\Space-Invaders\Space Invaders\Game.cpp(284,18): warning C4018: '<': signed/unsigned mismatch
C:\Users\Dawid\Desktop\deadline\Space-Invaders\Space Invaders\Game.cpp(399,27): warning C4244: 'initializing': conversion from 'double' to 'float', possible loss of data
C:\Program Files\Microsoft Visual Studio\2022\Community\VC\Tools\MSVC\14.39.33519\include\xutility(241,76): warning C4244: 'argument': conversion from '_Ty' to 'int', possible loss of data
C:\Program Files\Microsoft Visual Studio\2022\Community\VC\Tools\MSVC\14.39.33519\include\xutility(241,76): warning C4244:         with
C:\Program Files\Microsoft Visual Studio\2022\Community\VC\Tools\MSVC\14.39.33519\include\xutility(241,76): warning C4244:         [
C:\Program Files\Microsoft Visual Studio\2022\Community\VC\Tools\MSVC\14.39.33519\include\xutility(241,76): warning C4244:             _Ty=double
C:\Program Files\Microsoft Visual Studio\2022\Community\VC\Tools\MSVC\14.39.33519\include\xutility(241,76): warning C4244:         ]
  (compiling source file 'Game.cpp')
  C:\Program Files\Microsoft Visual Studio\2022\Community\VC\Tools\MSVC\14.39.33519\include\xutility(241,76):
  the template instantiation context (the oldest one first) is
  	C:\Users\Dawid\Desktop\deadline\Space-Invaders\Space Invaders\Game.cpp(197,19):
  	see reference to function template instantiation 'std::shared_ptr<Player> std::make_shared<Player,T,double,std::string&>(T &&,double &&,std::string &)' being compiled
          with
          [
              T=unsigned int
          ]
  	C:\Program Files\Microsoft Visual Studio\2022\Community\VC\Tools\MSVC\14.39.33519\include\memory(2738,46):
  	see reference to function template instantiation 'std::_Ref_count_obj2<Player>::_Ref_count_obj2<_Ty,double,std::string&>(_Ty &&,double &&,std::string &)' being compiled
          with
          [
              _Ty=unsigned int
          ]
  	C:\Program Files\Microsoft Visual Studio\2022\Community\VC\Tools\MSVC\14.39.33519\include\memory(2062,18):
  	see reference to function template instantiation 'void std::_Construct_in_place<_Ty,unsigned int,double,std::string&>(_Ty &,unsigned int &&,double &&,std::string &) noexcept(false)' being compiled
          with
          [
              _Ty=Player
          ]
  	C:\Program Files\Microsoft Visual Studio\2022\Community\VC\Tools\MSVC\14.39.33519\include\xutility(251,14):
  	see reference to function template instantiation '_Ty *std::construct_at<_Ty,unsigned int,double,std::string&,0x0>(_Ty *const ,unsigned int &&,double &&,std::string &) noexcept(<expr>)' being compiled
          with
          [
              _Ty=Player
          ]
  
C:\Program Files\Microsoft Visual Studio\2022\Community\VC\Tools\MSVC\14.39.33519\include\xutility(255,82): warning C4244: 'argument': conversion from '_Ty' to 'int', possible loss of data
C:\Program Files\Microsoft Visual Studio\2022\Community\VC\Tools\MSVC\14.39.33519\include\xutility(255,82): warning C4244:         with
C:\Program Files\Microsoft Visual Studio\2022\Community\VC\Tools\MSVC\14.39.33519\include\xutility(255,82): warning C4244:         [
C:\Program Files\Microsoft Visual Studio\2022\Community\VC\Tools\MSVC\14.39.33519\include\xutility(255,82): warning C4244:             _Ty=double
C:\Program Files\Microsoft Visual Studio\2022\Community\VC\Tools\MSVC\14.39.33519\include\xutility(255,82): warning C4244:         ]
  (compiling source file 'Game.cpp')
  
C:\Program Files\Microsoft Visual Studio\2022\Community\VC\Tools\MSVC\14.39.33519\include\xutility(242,90): warning C4244: 'argument': conversion from '_Ty' to 'int', possible loss of data
C:\Program Files\Microsoft Visual Studio\2022\Community\VC\Tools\MSVC\14.39.33519\include\xutility(242,90): warning C4244:         with
C:\Program Files\Microsoft Visual Studio\2022\Community\VC\Tools\MSVC\14.39.33519\include\xutility(242,90): warning C4244:         [
C:\Program Files\Microsoft Visual Studio\2022\Community\VC\Tools\MSVC\14.39.33519\include\xutility(242,90): warning C4244:             _Ty=double
C:\Program Files\Microsoft Visual Studio\2022\Community\VC\Tools\MSVC\14.39.33519\include\xutility(242,90): warning C4244:         ]
  (compiling source file 'Game.cpp')
  C:\Program Files\Microsoft Visual Studio\2022\Community\VC\Tools\MSVC\14.39.33519\include\xutility(242,90):
  the template instantiation context (the oldest one first) is
  	C:\Program Files\Microsoft Visual Studio\2022\Community\VC\Tools\MSVC\14.39.33519\include\memory(2062,18):
  	see reference to function template instantiation 'void std::_Construct_in_place<_Ty,unsigned int,double,std::string&>(_Ty &,unsigned int &&,double &&,std::string &) noexcept(false)' being compiled
          with
          [
              _Ty=Player
          ]
  	C:\Program Files\Microsoft Visual Studio\2022\Community\VC\Tools\MSVC\14.39.33519\include\xutility(251,14):
  	see reference to function template instantiation '_Ty *std::construct_at<_Ty,unsigned int,double,std::string&,0x0>(_Ty *const ,unsigned int &&,double &&,std::string &) noexcept(false)' being compiled
          with
          [
              _Ty=Player
          ]
  
Space Invaders\Release\Enemy.obj : warning LNK4042: object specified more than once; extras ignored
Space Invaders\Release\Window.obj : warning LNK4042: object specified more than once; extras ignored
  Generating code
  8 of 949 functions ( 0.8%) were compiled, the rest were copied from previous compilation.
    0 functions were new in current compilation
    5 functions had inline decision re-evaluated but remain unchanged
  Finished generating code
  Space Invaders.vcxproj -> C:\Users\Dawid\Desktop\deadline\Space-Invaders\Space Invaders\Release\Space Invaders.exe
