c:\users\dawid\desktop\studia\4 semestr inf\pk4\projekt\space invaders\space invaders\debug\vc143.pdb
c:\users\dawid\desktop\studia\4 semestr inf\pk4\projekt\space invaders\space invaders\debug\vc143.idb
c:\users\dawid\desktop\studia\4 semestr inf\pk4\projekt\space invaders\space invaders\debug\window.obj
c:\users\dawid\desktop\studia\4 semestr inf\pk4\projekt\space invaders\space invaders\debug\weapon.obj
c:\users\dawid\desktop\studia\4 semestr inf\pk4\projekt\space invaders\space invaders\debug\titlescreen.obj
c:\users\dawid\desktop\studia\4 semestr inf\pk4\projekt\space invaders\space invaders\debug\textinput.obj
c:\users\dawid\desktop\studia\4 semestr inf\pk4\projekt\space invaders\space invaders\debug\tablescore.obj
c:\users\dawid\desktop\studia\4 semestr inf\pk4\projekt\space invaders\space invaders\debug\space invaders.obj
c:\users\dawid\desktop\studia\4 semestr inf\pk4\projekt\space invaders\space invaders\debug\rockwall.obj
c:\users\dawid\desktop\studia\4 semestr inf\pk4\projekt\space invaders\space invaders\debug\player.obj
c:\users\dawid\desktop\studia\4 semestr inf\pk4\projekt\space invaders\space invaders\debug\game.obj
c:\users\dawid\desktop\studia\4 semestr inf\pk4\projekt\space invaders\space invaders\debug\enemy.obj
c:\users\dawid\desktop\studia\4 semestr inf\pk4\projekt\space invaders\space invaders\debug\space invaders.pdb
c:\users\dawid\desktop\studia\4 semestr inf\pk4\projekt\space invaders\space invaders\debug\space invaders.tlog\cl.command.1.tlog
c:\users\dawid\desktop\studia\4 semestr inf\pk4\projekt\space invaders\space invaders\debug\space invaders.tlog\cl.read.1.tlog
c:\users\dawid\desktop\studia\4 semestr inf\pk4\projekt\space invaders\space invaders\debug\space invaders.tlog\cl.write.1.tlog
c:\users\dawid\desktop\studia\4 semestr inf\pk4\projekt\space invaders\space invaders\debug\space invaders.tlog\link.23188-cvtres.read.1.tlog
c:\users\dawid\desktop\studia\4 semestr inf\pk4\projekt\space invaders\space invaders\debug\space invaders.tlog\link.23188-cvtres.write.1.tlog
c:\users\dawid\desktop\studia\4 semestr inf\pk4\projekt\space invaders\space invaders\debug\space invaders.tlog\link.23188-rc.read.1.tlog
c:\users\dawid\desktop\studia\4 semestr inf\pk4\projekt\space invaders\space invaders\debug\space invaders.tlog\link.23188-rc.write.1.tlog
c:\users\dawid\desktop\studia\4 semestr inf\pk4\projekt\space invaders\space invaders\debug\space invaders.tlog\link.23188.read.1.tlog
c:\users\dawid\desktop\studia\4 semestr inf\pk4\projekt\space invaders\space invaders\debug\space invaders.tlog\link.23188.write.1.tlog
c:\users\dawid\desktop\studia\4 semestr inf\pk4\projekt\space invaders\space invaders\debug\space invaders.tlog\link.command.1.tlog
c:\users\dawid\desktop\studia\4 semestr inf\pk4\projekt\space invaders\space invaders\debug\space invaders.tlog\link.read.1.tlog
c:\users\dawid\desktop\studia\4 semestr inf\pk4\projekt\space invaders\space invaders\debug\space invaders.tlog\link.write.1.tlog
