  Game.cpp
C:\Users\Dawid\Desktop\Studia\4 Semestr INF\PK4\Projekt\Space Invaders\Space Invaders\Game.cpp(107,24): warning C4244: "inicjowanie": konwersja z "double" do "float", możliwa utrata danych
C:\Users\Dawid\Desktop\Studia\4 Semestr INF\PK4\Projekt\Space Invaders\Space Invaders\Game.cpp(107,144): warning C4244: "+=": konwersja z "double" do "float", możliwa utrata danych
C:\Users\Dawid\Desktop\Studia\4 Semestr INF\PK4\Projekt\Space Invaders\Space Invaders\Game.cpp(108,25): warning C4244: "inicjowanie": konwersja z "double" do "float", możliwa utrata danych
C:\Users\Dawid\Desktop\Studia\4 Semestr INF\PK4\Projekt\Space Invaders\Space Invaders\Game.cpp(108,139): warning C4244: "+=": konwersja z "double" do "float", możliwa utrata danych
C:\Program Files\Microsoft Visual Studio\2022\Community\VC\Tools\MSVC\14.34.31933\include\xutility(217,72): warning C4244: "argument": konwersja z "_Ty" do "int", możliwa utrata danych
          with
          [
              _Ty=double
          ]
C:\Program Files\Microsoft Visual Studio\2022\Community\VC\Tools\MSVC\14.34.31933\include\xutility(216,16): message : zobacz odwołanie do kompilowanego tworzenia wystąpienia „_Ty *std::construct_at<_Ty,unsigned int,double,std::string&,0x0>(_Ty *const ,unsigned int &&,double &&,std::string &) noexcept(<expr>)” funkcji szablon
          with
          [
              _Ty=Player
          ]
C:\Program Files\Microsoft Visual Studio\2022\Community\VC\Tools\MSVC\14.34.31933\include\memory(2023,1): message : zobacz odwołanie do kompilowanego tworzenia wystąpienia „void std::_Construct_in_place<_Ty,unsigned int,double,std::string&>(_Ty &,unsigned int &&,double &&,std::string &) noexcept(false)” funkcji szablon
          with
          [
              _Ty=Player
          ]
C:\Program Files\Microsoft Visual Studio\2022\Community\VC\Tools\MSVC\14.34.31933\include\memory(2703,36): message : zobacz odwołanie do kompilowanego tworzenia wystąpienia „std::_Ref_count_obj2<Player>::_Ref_count_obj2<_Ty,double,std::string&>(_Ty &&,double &&,std::string &)” funkcji szablon
          with
          [
              _Ty=unsigned int
          ]
C:\Program Files\Microsoft Visual Studio\2022\Community\VC\Tools\MSVC\14.34.31933\include\memory(2704,20): message : zobacz odwołanie do kompilowanego tworzenia wystąpienia „std::_Ref_count_obj2<Player>::_Ref_count_obj2<_Ty,double,std::string&>(_Ty &&,double &&,std::string &)” funkcji szablon
          with
          [
              _Ty=unsigned int
          ]
C:\Users\Dawid\Desktop\Studia\4 Semestr INF\PK4\Projekt\Space Invaders\Space Invaders\Game.cpp(89,111): message : zobacz odwołanie do kompilowanego tworzenia wystąpienia „std::shared_ptr<Player> std::make_shared<Player,T,double,std::string&>(T &&,double &&,std::string &)” funkcji szablon
          with
          [
              T=unsigned int
          ]
C:\Program Files\Microsoft Visual Studio\2022\Community\VC\Tools\MSVC\14.34.31933\include\xutility(231,77): warning C4244: "argument": konwersja z "_Ty" do "int", możliwa utrata danych
          with
          [
              _Ty=double
          ]
C:\Program Files\Microsoft Visual Studio\2022\Community\VC\Tools\MSVC\14.34.31933\include\xutility(217,72): warning C4244: "argument": konwersja z "_Ty" do "int", możliwa utrata danych
          with
          [
              _Ty=float
          ]
C:\Program Files\Microsoft Visual Studio\2022\Community\VC\Tools\MSVC\14.34.31933\include\xutility(231,77): warning C4244: "argument": konwersja z "_Ty" do "int", możliwa utrata danych
          with
          [
              _Ty=float
          ]
C:\Program Files\Microsoft Visual Studio\2022\Community\VC\Tools\MSVC\14.34.31933\include\xutility(218,85): warning C4244: "argument": konwersja z "_Ty" do "int", możliwa utrata danych
          with
          [
              _Ty=double
          ]
C:\Program Files\Microsoft Visual Studio\2022\Community\VC\Tools\MSVC\14.34.31933\include\xutility(224,49): message : zobacz odwołanie do kompilowanego tworzenia wystąpienia „_Ty *std::construct_at<_Ty,unsigned int,double,std::string&,0x0>(_Ty *const ,unsigned int &&,double &&,std::string &) noexcept(false)” funkcji szablon
          with
          [
              _Ty=Player
          ]
C:\Program Files\Microsoft Visual Studio\2022\Community\VC\Tools\MSVC\14.34.31933\include\memory(2023,1): message : zobacz odwołanie do kompilowanego tworzenia wystąpienia „void std::_Construct_in_place<_Ty,unsigned int,double,std::string&>(_Ty &,unsigned int &&,double &&,std::string &) noexcept(false)” funkcji szablon
          with
          [
              _Ty=Player
          ]
C:\Program Files\Microsoft Visual Studio\2022\Community\VC\Tools\MSVC\14.34.31933\include\xutility(218,85): warning C4244: "argument": konwersja z "_Ty" do "int", możliwa utrata danych
          with
          [
              _Ty=float
          ]
  Space Invaders.vcxproj -> C:\Users\Dawid\Desktop\Studia\4 Semestr INF\PK4\Projekt\Space Invaders\Space Invaders\Debug\Space Invaders.exe
